# JRE version: OpenJDK Runtime Environment (8.0_76-b03) (build 1.8.0_76-release-b03)
# Java VM: OpenJDK 64-Bit Server VM (25.76-b03 mixed mode windows-amd64 compressed oops)
Heap:
 PSYoungGen      total 391168K, used 164025K [0x00000000e0000000, 0x00000000ffa80000, 0x0000000100000000)
  eden space 366592K, 38% used [0x00000000e0000000,0x00000000e882ea18,0x00000000f6600000)
  from space 24576K, 99% used [0x00000000f8380000,0x00000000f9b7fd30,0x00000000f9b80000)
  to   space 30208K, 0% used [0x00000000f6600000,0x00000000f6600000,0x00000000f8380000)
 ParOldGen       total 134656K, used 52327K [0x00000000a0000000, 0x00000000a8380000, 0x00000000e0000000)
  object space 134656K, 38% used [0x00000000a0000000,0x00000000a3319ea0,0x00000000a8380000)
 Metaspace       used 67825K, capacity 71786K, committed 75008K, reserved 1114112K
  class space    used 8809K, capacity 9429K, committed 10496K, reserved 1048576K
GC Heap History (10 events):
Event: 3135.571 GC heap before
{Heap before GC invocations=27 (full 9):
 PSYoungGen      total 315392K, used 85342K [0x00000000e0000000, 0x00000000f9880000, 0x0000000100000000)
  eden space 293376K, 23% used [0x00000000e0000000,0x00000000e429b668,0x00000000f1e80000)
  from space 22016K, 77% used [0x00000000f1e80000,0x00000000f2f3c250,0x00000000f3400000)
  to   space 23040K, 0% used [0x00000000f8200000,0x00000000f8200000,0x00000000f9880000)
 ParOldGen       total 134656K, used 28785K [0x00000000a0000000, 0x00000000a8380000, 0x00000000e0000000)
  object space 134656K, 21% used [0x00000000a0000000,0x00000000a1c1c740,0x00000000a8380000)
 Metaspace       used 64786K, capacity 68066K, committed 75008K, reserved 1114112K
  class space    used 8498K, capacity 9011K, committed 10496K, reserved 1048576K
Event: 3135.606 GC heap after
Heap after GC invocations=27 (full 9):
 PSYoungGen      total 393216K, used 18554K [0x00000000e0000000, 0x00000000f9c80000, 0x0000000100000000)
  eden space 370176K, 0% used [0x00000000e0000000,0x00000000e0000000,0x00000000f6980000)
  from space 23040K, 80% used [0x00000000f8200000,0x00000000f941e938,0x00000000f9880000)
  to   space 25088K, 0% used [0x00000000f6980000,0x00000000f6980000,0x00000000f8200000)
 ParOldGen       total 134656K, used 28785K [0x00000000a0000000, 0x00000000a8380000, 0x00000000e0000000)
  object space 134656K, 21% used [0x00000000a0000000,0x00000000a1c1c740,0x00000000a8380000)
 Metaspace       used 64786K, capacity 68066K, committed 75008K, reserved 1114112K
  class space    used 8498K, capacity 9011K, committed 10496K, reserved 1048576K
}
Event: 3135.606 GC heap before
{Heap before GC invocations=28 (full 10):
 PSYoungGen      total 393216K, used 18554K [0x00000000e0000000, 0x00000000f9c80000, 0x0000000100000000)
  eden space 370176K, 0% used [0x00000000e0000000,0x00000000e0000000,0x00000000f6980000)
  from space 23040K, 80% used [0x00000000f8200000,0x00000000f941e938,0x00000000f9880000)
  to   space 25088K, 0% used [0x00000000f6980000,0x00000000f6980000,0x00000000f8200000)
 ParOldGen       total 134656K, used 28785K [0x00000000a0000000, 0x00000000a8380000, 0x00000000e0000000)
  object space 134656K, 21% used [0x00000000a0000000,0x00000000a1c1c740,0x00000000a8380000)
 Metaspace       used 64786K, capacity 68066K, committed 75008K, reserved 1114112K
  class space    used 8498K, capacity 9011K, committed 10496K, reserved 1048576K
Event: 3135.875 GC heap after
Heap after GC invocations=28 (full 10):
 PSYoungGen      total 393216K, used 0K [0x00000000e0000000, 0x00000000f9c80000, 0x0000000100000000)
  eden space 370176K, 0% used [0x00000000e0000000,0x00000000e0000000,0x00000000f6980000)
  from space 23040K, 0% used [0x00000000f8200000,0x00000000f8200000,0x00000000f9880000)
  to   space 25088K, 0% used [0x00000000f6980000,0x00000000f6980000,0x00000000f8200000)
 ParOldGen       total 134656K, used 41247K [0x00000000a0000000, 0x00000000a8380000, 0x00000000e0000000)
  object space 134656K, 30% used [0x00000000a0000000,0x00000000a2847ee0,0x00000000a8380000)
 Metaspace       used 64786K, capacity 68066K, committed 75008K, reserved 1114112K
  class space    used 8498K, capacity 9011K, committed 10496K, reserved 1048576K
}
Event: 3276.539 GC heap before
{Heap before GC invocations=29 (full 10):
 PSYoungGen      total 393216K, used 133315K [0x00000000e0000000, 0x00000000f9c80000, 0x0000000100000000)
  eden space 370176K, 36% used [0x00000000e0000000,0x00000000e8230d88,0x00000000f6980000)
  from space 23040K, 0% used [0x00000000f8200000,0x00000000f8200000,0x00000000f9880000)
  to   space 25088K, 0% used [0x00000000f6980000,0x00000000f6980000,0x00000000f8200000)
 ParOldGen       total 134656K, used 41247K [0x00000000a0000000, 0x00000000a8380000, 0x00000000e0000000)
  object space 134656K, 30% used [0x00000000a0000000,0x00000000a2847ee0,0x00000000a8380000)
 Metaspace       used 65889K, capacity 69638K, committed 75008K, reserved 1114112K
  class space    used 8677K, capacity 9267K, committed 10496K, reserved 1048576K
Event: 3276.546 GC heap after
Heap after GC invocations=29 (full 10):
 PSYoungGen      total 395264K, used 6158K [0x00000000e0000000, 0x00000000f9b80000, 0x0000000100000000)
  eden space 370176K, 0% used [0x00000000e0000000,0x00000000e0000000,0x00000000f6980000)
  from space 25088K, 24% used [0x00000000f6980000,0x00000000f6f83880,0x00000000f8200000)
  to   space 24576K, 0% used [0x00000000f8380000,0x00000000f8380000,0x00000000f9b80000)
 ParOldGen       total 134656K, used 41255K [0x00000000a0000000, 0x00000000a8380000, 0x00000000e0000000)
  object space 134656K, 30% used [0x00000000a0000000,0x00000000a2849ee0,0x00000000a8380000)
 Metaspace       used 65889K, capacity 69638K, committed 75008K, reserved 1114112K
  class space    used 8677K, capacity 9267K, committed 10496K, reserved 1048576K
}
Event: 3276.546 GC heap before
{Heap before GC invocations=30 (full 11):
 PSYoungGen      total 395264K, used 6158K [0x00000000e0000000, 0x00000000f9b80000, 0x0000000100000000)
  eden space 370176K, 0% used [0x00000000e0000000,0x00000000e0000000,0x00000000f6980000)
  from space 25088K, 24% used [0x00000000f6980000,0x00000000f6f83880,0x00000000f8200000)
  to   space 24576K, 0% used [0x00000000f8380000,0x00000000f8380000,0x00000000f9b80000)
 ParOldGen       total 134656K, used 41255K [0x00000000a0000000, 0x00000000a8380000, 0x00000000e0000000)
  object space 134656K, 30% used [0x00000000a0000000,0x00000000a2849ee0,0x00000000a8380000)
 Metaspace       used 65889K, capacity 69638K, committed 75008K, reserved 1114112K
  class space    used 8677K, capacity 9267K, committed 10496K, reserved 1048576K
Event: 3276.806 GC heap after
Heap after GC invocations=30 (full 11):
 PSYoungGen      total 395264K, used 0K [0x00000000e0000000, 0x00000000f9b80000, 0x0000000100000000)
  eden space 370176K, 0% used [0x00000000e0000000,0x00000000e0000000,0x00000000f6980000)
  from space 25088K, 0% used [0x00000000f6980000,0x00000000f6980000,0x00000000f8200000)
  to   space 24576K, 0% used [0x00000000f8380000,0x00000000f8380000,0x00000000f9b80000)
 ParOldGen       total 134656K, used 46707K [0x00000000a0000000, 0x00000000a8380000, 0x00000000e0000000)
  object space 134656K, 34% used [0x00000000a0000000,0x00000000a2d9cee0,0x00000000a8380000)
 Metaspace       used 65862K, capacity 69550K, committed 75008K, reserved 1114112K
  class space    used 8669K, capacity 9259K, committed 10496K, reserved 1048576K
}
Event: 3295.693 GC heap before
{Heap before GC invocations=31 (full 11):
 PSYoungGen      total 395264K, used 370176K [0x00000000e0000000, 0x00000000f9b80000, 0x0000000100000000)
  eden space 370176K, 100% used [0x00000000e0000000,0x00000000f6980000,0x00000000f6980000)
  from space 25088K, 0% used [0x00000000f6980000,0x00000000f6980000,0x00000000f8200000)
  to   space 24576K, 0% used [0x00000000f8380000,0x00000000f8380000,0x00000000f9b80000)
 ParOldGen       total 134656K, used 46707K [0x00000000a0000000, 0x00000000a8380000, 0x00000000e0000000)
  object space 134656K, 34% used [0x00000000a0000000,0x00000000a2d9cee0,0x00000000a8380000)
 Metaspace       used 67749K, capacity 71570K, committed 75008K, reserved 1114112K
  class space    used 8799K, capacity 9415K, committed 10496K, reserved 1048576K
Event: 3295.751 GC heap after
Heap after GC invocations=31 (full 11):
 PSYoungGen      total 391168K, used 24575K [0x00000000e0000000, 0x00000000ffa80000, 0x0000000100000000)
  eden space 366592K, 0% used [0x00000000e0000000,0x00000000e0000000,0x00000000f6600000)
  from space 24576K, 99% used [0x00000000f8380000,0x00000000f9b7fd30,0x00000000f9b80000)
  to   space 30208K, 0% used [0x00000000f6600000,0x00000000f6600000,0x00000000f8380000)
 ParOldGen       total 134656K, used 52327K [0x00000000a0000000, 0x00000000a8380000, 0x00000000e0000000)
  object space 134656K, 38% used [0x00000000a0000000,0x00000000a3319ea0,0x00000000a8380000)
 Metaspace       used 67749K, capacity 71570K, committed 75008K, reserved 1114112K
  class space    used 8799K, capacity 9415K, committed 10496K, reserved 1048576K
}

